<?xml version="1.0" encoding="UTF-8"?>
<!-- Generated by org.testng.reporters.JUnitXMLReporter -->
<testsuite ignored="0" hostname="DESKTOP-I5SR52G" failures="0" tests="14" name="Default test" time="24.399" errors="0" timestamp="2026-03-26T03:01:09 IST">
  <testcase classname="tests.Runner" name="executionEngine" time="0.106"/>
  <testcase classname="tests.Runner" name="executionEngine" time="0.01"/>
  <testcase classname="tests.Runner" name="executionEngine" time="0.006"/>
  <testcase classname="tests.Runner" name="executionEngine" time="0.012"/>
  <testcase classname="tests.Runner" name="executionEngine" time="2.369"/>
  <testcase classname="tests.Runner" name="executionEngine" time="0.004"/>
  <testcase classname="tests.Runner" name="executionEngine" time="0.005"/>
  <testcase classname="tests.Runner" name="executionEngine" time="0.004"/>
  <testcase classname="tests.Runner" name="executionEngine" time="0.002"/>
  <testcase classname="tests.Runner" name="executionEngine" time="0.007"/>
  <testcase classname="tests.Runner" name="executionEngine" time="0.002"/>
  <testcase classname="tests.Runner" name="executionEngine" time="0.002"/>
  <testcase classname="tests.Runner" name="executionEngine" time="0.002"/>
  <testcase classname="tests.Runner" name="executionEngine" time="0.005"/>
</testsuite> <!-- Default test -->
