<?xml version="1.0" encoding="UTF-8"?>
<testng-results ignored="0" total="1" passed="1" failed="0" skipped="0">
  <reporter-output>
  </reporter-output>
  <suite started-at="2026-03-15T15:57:57 IST" name="Surefire suite" finished-at="2026-03-15T15:58:15 IST" duration-ms="18201">
    <groups>
    </groups>
    <test started-at="2026-03-15T15:57:57 IST" name="Surefire test" finished-at="2026-03-15T15:58:15 IST" duration-ms="18201">
      <class name="BrowserStackAppiumTest">
        <test-method signature="testApp()[pri:0, instance:BrowserStackAppiumTest@61dd025]" started-at="2026-03-15T15:57:57 IST" name="testApp" finished-at="2026-03-15T15:58:15 IST" duration-ms="18108" status="PASS">
          <reporter-output>
          </reporter-output>
        </test-method> <!-- testApp -->
      </class> <!-- BrowserStackAppiumTest -->
    </test> <!-- Surefire test -->
  </suite> <!-- Surefire suite -->
</testng-results>
