<?xml version="1.0" encoding="UTF-8"?>
<testng-results ignored="0" total="14" passed="14" failed="0" skipped="0">
  <reporter-output>
  </reporter-output>
  <suite started-at="2026-03-26T03:00:45 IST" name="Default suite" finished-at="2026-03-26T03:01:09 IST" duration-ms="24399">
    <groups>
    </groups>
    <test started-at="2026-03-26T03:00:45 IST" name="Default test" finished-at="2026-03-26T03:01:09 IST" duration-ms="24399">
      <class name="tests.Runner">
        <test-method is-config="true" signature="setup()[pri:0, instance:tests.Runner@1f59a598]" started-at="2026-03-26T03:00:45 IST" name="setup" finished-at="2026-03-26T03:01:02 IST" duration-ms="17001" status="PASS">
          <reporter-output>
          </reporter-output>
        </test-method> <!-- setup -->
        <test-method signature="executionEngine(java.lang.Object)[pri:0, instance:tests.Runner@1f59a598]" started-at="2026-03-26T03:01:05 IST" name="executionEngine" data-provider="data" finished-at="2026-03-26T03:01:05 IST" duration-ms="106" status="PASS">
          <params>
            <param index="0">
              <value>
                <![CDATA[{"Menu_1":"Accessibility","Menu_2":"Accessibility Node Provider","Menu_3":"","Input_1":"","Input_2":"","ExpectedData":"","Execute":"N"}]]>
              </value>
            </param>
          </params>
          <reporter-output>
          </reporter-output>
        </test-method> <!-- executionEngine -->
        <test-method signature="executionEngine(java.lang.Object)[pri:0, instance:tests.Runner@1f59a598]" started-at="2026-03-26T03:01:05 IST" name="executionEngine" data-provider="data" finished-at="2026-03-26T03:01:05 IST" duration-ms="10" status="PASS">
          <params>
            <param index="0">
              <value>
                <![CDATA[{"Menu_1":"Accessibility","Menu_2":"Accessibility Node Querying","Menu_3":"","Input_1":"Take out Trash, Conquer World","Input_2":"","ExpectedData":"","Execute":"N"}]]>
              </value>
            </param>
          </params>
          <reporter-output>
          </reporter-output>
        </test-method> <!-- executionEngine -->
        <test-method signature="executionEngine(java.lang.Object)[pri:0, instance:tests.Runner@1f59a598]" started-at="2026-03-26T03:01:05 IST" name="executionEngine" data-provider="data" finished-at="2026-03-26T03:01:05 IST" duration-ms="6" status="PASS">
          <params>
            <param index="0">
              <value>
                <![CDATA[{"Menu_1":"Accessibility","Menu_2":"Accessibility Service","Menu_3":"","Input_1":"","Input_2":"","ExpectedData":"","Execute":"N"}]]>
              </value>
            </param>
          </params>
          <reporter-output>
          </reporter-output>
        </test-method> <!-- executionEngine -->
        <test-method signature="executionEngine(java.lang.Object)[pri:0, instance:tests.Runner@1f59a598]" started-at="2026-03-26T03:01:05 IST" name="executionEngine" data-provider="data" finished-at="2026-03-26T03:01:05 IST" duration-ms="12" status="PASS">
          <params>
            <param index="0">
              <value>
                <![CDATA[{"Menu_1":"Accessibility","Menu_2":"Custom View","Menu_3":"","Input_1":"","Input_2":"","ExpectedData":"","Execute":"N"}]]>
              </value>
            </param>
          </params>
          <reporter-output>
          </reporter-output>
        </test-method> <!-- executionEngine -->
        <test-method signature="executionEngine(java.lang.Object)[pri:0, instance:tests.Runner@1f59a598]" started-at="2026-03-26T03:01:05 IST" name="executionEngine" data-provider="data" finished-at="2026-03-26T03:01:07 IST" duration-ms="2369" status="PASS">
          <params>
            <param index="0">
              <value>
                <![CDATA[{"Menu_1":"Animation","Menu_2":"","Menu_3":"","Input_1":"","Input_2":"","ExpectedData":"","Execute":"Y"}]]>
              </value>
            </param>
          </params>
          <reporter-output>
          </reporter-output>
        </test-method> <!-- executionEngine -->
        <test-method signature="executionEngine(java.lang.Object)[pri:0, instance:tests.Runner@1f59a598]" started-at="2026-03-26T03:01:07 IST" name="executionEngine" data-provider="data" finished-at="2026-03-26T03:01:07 IST" duration-ms="4" status="PASS">
          <params>
            <param index="0">
              <value>
                <![CDATA[{"Menu_1":"App","Menu_2":"","Menu_3":"","Input_1":"","Input_2":"","ExpectedData":"","Execute":"N"}]]>
              </value>
            </param>
          </params>
          <reporter-output>
          </reporter-output>
        </test-method> <!-- executionEngine -->
        <test-method signature="executionEngine(java.lang.Object)[pri:0, instance:tests.Runner@1f59a598]" started-at="2026-03-26T03:01:07 IST" name="executionEngine" data-provider="data" finished-at="2026-03-26T03:01:07 IST" duration-ms="5" status="PASS">
          <params>
            <param index="0">
              <value>
                <![CDATA[{"Menu_1":"Content","Menu_2":"","Menu_3":"","Input_1":"","Input_2":"","ExpectedData":"","Execute":"N"}]]>
              </value>
            </param>
          </params>
          <reporter-output>
          </reporter-output>
        </test-method> <!-- executionEngine -->
        <test-method signature="executionEngine(java.lang.Object)[pri:0, instance:tests.Runner@1f59a598]" started-at="2026-03-26T03:01:07 IST" name="executionEngine" data-provider="data" finished-at="2026-03-26T03:01:07 IST" duration-ms="4" status="PASS">
          <params>
            <param index="0">
              <value>
                <![CDATA[{"Menu_1":"Graphics","Menu_2":"","Menu_3":"","Input_1":"","Input_2":"","ExpectedData":"","Execute":"N"}]]>
              </value>
            </param>
          </params>
          <reporter-output>
          </reporter-output>
        </test-method> <!-- executionEngine -->
        <test-method signature="executionEngine(java.lang.Object)[pri:0, instance:tests.Runner@1f59a598]" started-at="2026-03-26T03:01:07 IST" name="executionEngine" data-provider="data" finished-at="2026-03-26T03:01:07 IST" duration-ms="2" status="PASS">
          <params>
            <param index="0">
              <value>
                <![CDATA[{"Menu_1":"Media","Menu_2":"","Menu_3":"","Input_1":"","Input_2":"","ExpectedData":"","Execute":"N"}]]>
              </value>
            </param>
          </params>
          <reporter-output>
          </reporter-output>
        </test-method> <!-- executionEngine -->
        <test-method signature="executionEngine(java.lang.Object)[pri:0, instance:tests.Runner@1f59a598]" started-at="2026-03-26T03:01:07 IST" name="executionEngine" data-provider="data" finished-at="2026-03-26T03:01:07 IST" duration-ms="7" status="PASS">
          <params>
            <param index="0">
              <value>
                <![CDATA[{"Menu_1":"NFC","Menu_2":"","Menu_3":"","Input_1":"","Input_2":"","ExpectedData":"","Execute":"N"}]]>
              </value>
            </param>
          </params>
          <reporter-output>
          </reporter-output>
        </test-method> <!-- executionEngine -->
        <test-method signature="executionEngine(java.lang.Object)[pri:0, instance:tests.Runner@1f59a598]" started-at="2026-03-26T03:01:07 IST" name="executionEngine" data-provider="data" finished-at="2026-03-26T03:01:07 IST" duration-ms="2" status="PASS">
          <params>
            <param index="0">
              <value>
                <![CDATA[{"Menu_1":"OS","Menu_2":"","Menu_3":"","Input_1":"","Input_2":"","ExpectedData":"","Execute":"N"}]]>
              </value>
            </param>
          </params>
          <reporter-output>
          </reporter-output>
        </test-method> <!-- executionEngine -->
        <test-method signature="executionEngine(java.lang.Object)[pri:0, instance:tests.Runner@1f59a598]" started-at="2026-03-26T03:01:07 IST" name="executionEngine" data-provider="data" finished-at="2026-03-26T03:01:07 IST" duration-ms="2" status="PASS">
          <params>
            <param index="0">
              <value>
                <![CDATA[{"Menu_1":"Preference","Menu_2":"","Menu_3":"","Input_1":"","Input_2":"","ExpectedData":"","Execute":"N"}]]>
              </value>
            </param>
          </params>
          <reporter-output>
          </reporter-output>
        </test-method> <!-- executionEngine -->
        <test-method signature="executionEngine(java.lang.Object)[pri:0, instance:tests.Runner@1f59a598]" started-at="2026-03-26T03:01:07 IST" name="executionEngine" data-provider="data" finished-at="2026-03-26T03:01:07 IST" duration-ms="2" status="PASS">
          <params>
            <param index="0">
              <value>
                <![CDATA[{"Menu_1":"Text","Menu_2":"KeyEventText","Menu_3":"","Input_1":"Hello World","Input_2":"","ExpectedData":"Hello World","Execute":"N"}]]>
              </value>
            </param>
          </params>
          <reporter-output>
          </reporter-output>
        </test-method> <!-- executionEngine -->
        <test-method signature="executionEngine(java.lang.Object)[pri:0, instance:tests.Runner@1f59a598]" started-at="2026-03-26T03:01:07 IST" name="executionEngine" data-provider="data" finished-at="2026-03-26T03:01:07 IST" duration-ms="5" status="PASS">
          <params>
            <param index="0">
              <value>
                <![CDATA[{"Menu_1":"Views","Menu_2":"","Menu_3":"","Input_1":"","Input_2":"","ExpectedData":"","Execute":"N"}]]>
              </value>
            </param>
          </params>
          <reporter-output>
          </reporter-output>
        </test-method> <!-- executionEngine -->
        <test-method is-config="true" signature="tearDown()[pri:0, instance:tests.Runner@1f59a598]" started-at="2026-03-26T03:01:07 IST" name="tearDown" finished-at="2026-03-26T03:01:09 IST" duration-ms="1672" status="PASS">
          <reporter-output>
          </reporter-output>
        </test-method> <!-- tearDown -->
      </class> <!-- tests.Runner -->
    </test> <!-- Default test -->
  </suite> <!-- Default suite -->
</testng-results>
