<?xml version="1.0" encoding="UTF-8"?>
<!-- Generated by org.testng.reporters.JUnitReportReporter -->
<testsuite hostname="DESKTOP-I5SR52G" failures="0" tests="14" name="tests.Runner" time="2.536" errors="0" timestamp="2026-03-26T03:01:10 IST" skipped="0">
  <testcase classname="tests.Runner" name="executionEngine" time="0.106"/>
  <testcase classname="tests.Runner" name="executionEngine" time="2.369"/>
  <testcase classname="tests.Runner" name="executionEngine" time="0.004"/>
  <testcase classname="tests.Runner" name="executionEngine" time="0.002"/>
  <testcase classname="tests.Runner" name="executionEngine" time="0.002"/>
  <testcase classname="tests.Runner" name="executionEngine" time="0.005"/>
  <testcase classname="tests.Runner" name="executionEngine" time="0.005"/>
  <testcase classname="tests.Runner" name="executionEngine" time="0.004"/>
  <testcase classname="tests.Runner" name="executionEngine" time="0.002"/>
  <testcase classname="tests.Runner" name="executionEngine" time="0.002"/>
  <testcase classname="tests.Runner" name="executionEngine" time="0.010"/>
  <testcase classname="tests.Runner" name="executionEngine" time="0.006"/>
  <testcase classname="tests.Runner" name="executionEngine" time="0.007"/>
  <testcase classname="tests.Runner" name="executionEngine" time="0.012"/>
</testsuite> <!-- tests.Runner -->
